<?xml version="1.0" encoding="UTF-8"?>
<testng-results ignored="0" total="1" passed="1" failed="0" skipped="0">
  <reporter-output>
  </reporter-output>
  <suite started-at="2025-04-08T19:07:55 IST" name="Default suite" finished-at="2025-04-08T19:08:07 IST" duration-ms="11550">
    <groups>
    </groups>
    <test started-at="2025-04-08T19:07:55 IST" name="Default test" finished-at="2025-04-08T19:08:07 IST" duration-ms="11550">
      <class name="com.tests.pack.SampleTest">
        <test-method signature="sampleTest()[pri:0, instance:com.tests.pack.SampleTest@7f0eb4b4]" started-at="2025-04-08T19:07:55 IST" name="sampleTest" finished-at="2025-04-08T19:08:07 IST" duration-ms="11500" status="PASS">
          <reporter-output>
          </reporter-output>
        </test-method> <!-- sampleTest -->
      </class> <!-- com.tests.pack.SampleTest -->
    </test> <!-- Default test -->
  </suite> <!-- Default suite -->
</testng-results>
