<?xml version="1.0" encoding="UTF-8"?>
<testng-results ignored="0" total="1" passed="1" failed="0" skipped="0">
  <reporter-output>
  </reporter-output>
  <suite started-at="2025-04-13T01:49:08 IST" name="Default suite" finished-at="2025-04-13T01:49:22 IST" duration-ms="13631">
    <groups>
    </groups>
    <test started-at="2025-04-13T01:49:08 IST" name="Default test" finished-at="2025-04-13T01:49:22 IST" duration-ms="13631">
      <class name="com.tests.pack.DifferentElements">
        <test-method is-config="true" signature="launchBrowser()[pri:0, instance:com.tests.pack.DifferentElements@1bb5a082]" started-at="2025-04-13T01:49:08 IST" name="launchBrowser" finished-at="2025-04-13T01:49:10 IST" duration-ms="1421" status="PASS">
          <reporter-output>
          </reporter-output>
        </test-method> <!-- launchBrowser -->
        <test-method signature="fill_N_SubmitForm()[pri:0, instance:com.tests.pack.DifferentElements@1bb5a082]" started-at="2025-04-13T01:49:10 IST" name="fill_N_SubmitForm" finished-at="2025-04-13T01:49:22 IST" duration-ms="11930" status="PASS">
          <reporter-output>
          </reporter-output>
        </test-method> <!-- fill_N_SubmitForm -->
        <test-method is-config="true" signature="tearDown()[pri:0, instance:com.tests.pack.DifferentElements@1bb5a082]" started-at="2025-04-13T01:49:22 IST" name="tearDown" finished-at="2025-04-13T01:49:22 IST" duration-ms="234" status="PASS">
          <reporter-output>
          </reporter-output>
        </test-method> <!-- tearDown -->
      </class> <!-- com.tests.pack.DifferentElements -->
    </test> <!-- Default test -->
  </suite> <!-- Default suite -->
</testng-results>
